2025-08-18 16:15:05,530 - INFO - Starting Political Semantic Drift Analysis
2025-08-18 16:15:05,532 - INFO - Model types: ['baseline', 'roberta']
2025-08-18 16:15:05,534 - INFO - Time periods: ['2000-2005', '2006-2010', '2011-2015', '2016-2022']
2025-08-18 16:15:05,535 - INFO - 
=== Training BASELINE models ===
2025-08-18 16:15:05,540 - INFO - Training baseline for period 2000-2005: 4959 samples
2025-08-18 16:15:05,543 - INFO -   Class distribution: {'RIGHT': 4135, 'LEFT': 824}
2025-08-18 16:15:05,548 - INFO - Training baseline model on 4959 samples
2025-08-18 16:15:06,131 - INFO - Training class distribution: {np.str_('LEFT'): np.int64(824), np.str_('RIGHT'): np.int64(4135)}
2025-08-18 16:15:06,131 - INFO - ✅ Successfully trained baseline for 2000-2005
2025-08-18 16:15:06,135 - INFO - Training baseline for period 2006-2010: 2695 samples
2025-08-18 16:15:06,137 - INFO -   Class distribution: {'RIGHT': 2694, 'LEFT': 1}
2025-08-18 16:15:06,138 - INFO - Training baseline model on 2695 samples
2025-08-18 16:15:06,354 - INFO - Training class distribution: {np.str_('LEFT'): np.int64(1), np.str_('RIGHT'): np.int64(2694)}
2025-08-18 16:15:06,355 - INFO - ✅ Successfully trained baseline for 2006-2010
2025-08-18 16:15:06,360 - INFO - Training baseline for period 2011-2015: 5340 samples
2025-08-18 16:15:06,362 - INFO -   Class distribution: {'RIGHT': 4113, 'LEFT': 1227}
2025-08-18 16:15:06,363 - INFO - Training baseline model on 5340 samples
2025-08-18 16:15:06,886 - INFO - Training class distribution: {np.str_('LEFT'): np.int64(1227), np.str_('RIGHT'): np.int64(4113)}
2025-08-18 16:15:06,887 - INFO - ✅ Successfully trained baseline for 2011-2015
2025-08-18 16:15:06,893 - INFO - Training baseline for period 2016-2022: 13559 samples
2025-08-18 16:15:06,895 - INFO -   Class distribution: {'RIGHT': 10052, 'LEFT': 3507}
2025-08-18 16:15:06,897 - INFO - Training baseline model on 13559 samples
2025-08-18 16:15:07,489 - INFO - Training class distribution: {np.str_('LEFT'): np.int64(3507), np.str_('RIGHT'): np.int64(10052)}
2025-08-18 16:15:07,490 - INFO - ✅ Successfully trained baseline for 2016-2022
2025-08-18 16:15:07,490 - INFO - 
=== Training ROBERTA models ===
2025-08-18 16:15:07,494 - INFO - Training roberta for period 2000-2005: 4959 samples
2025-08-18 16:15:07,496 - INFO -   Class distribution: {'RIGHT': 4135, 'LEFT': 824}
2025-08-18 16:15:07,501 - INFO - Initializing roberta-base on cpu
2025-08-18 16:15:07,502 - INFO - Training roberta-base on 4959 samples
2025-08-18 16:15:33,406 - ERROR - ❌ Failed to train roberta for 2000-2005: TrainingArguments.__init__() got an unexpected keyword argument 'evaluation_strategy'
2025-08-18 16:15:33,414 - INFO - Training roberta for period 2006-2010: 2695 samples
2025-08-18 16:15:33,416 - INFO -   Class distribution: {'RIGHT': 2694, 'LEFT': 1}
2025-08-18 16:15:33,417 - INFO - Initializing roberta-base on cpu
2025-08-18 16:15:33,426 - INFO - Training roberta-base on 2695 samples
2025-08-18 16:15:36,662 - ERROR - ❌ Failed to train roberta for 2006-2010: TrainingArguments.__init__() got an unexpected keyword argument 'evaluation_strategy'
2025-08-18 16:15:36,667 - INFO - Training roberta for period 2011-2015: 5340 samples
2025-08-18 16:15:36,668 - INFO -   Class distribution: {'RIGHT': 4113, 'LEFT': 1227}
2025-08-18 16:15:36,669 - INFO - Initializing roberta-base on cpu
2025-08-18 16:15:36,679 - INFO - Training roberta-base on 5340 samples
2025-08-18 16:15:39,062 - ERROR - ❌ Failed to train roberta for 2011-2015: TrainingArguments.__init__() got an unexpected keyword argument 'evaluation_strategy'
2025-08-18 16:15:39,067 - INFO - Training roberta for period 2016-2022: 13559 samples
2025-08-18 16:15:39,068 - INFO -   Class distribution: {'RIGHT': 10052, 'LEFT': 3507}
2025-08-18 16:15:39,069 - INFO - Initializing roberta-base on cpu
2025-08-18 16:15:39,077 - INFO - Training roberta-base on 13559 samples
2025-08-18 16:15:43,427 - ERROR - ❌ Failed to train roberta for 2016-2022: TrainingArguments.__init__() got an unexpected keyword argument 'evaluation_strategy'
2025-08-18 16:15:43,431 - INFO - 
=== Analyzing Semantic Shifts ===
2025-08-18 16:15:43,432 - INFO - Analyzing shifts for baseline
2025-08-18 16:15:43,432 - INFO - Analyzing semantic shifts across 4 periods
2025-08-18 16:15:43,433 - INFO - Analyzing semantic trajectory for: taxation
2025-08-18 16:15:43,463 - INFO - Analyzing semantic trajectory for: terrorist
2025-08-18 16:15:43,488 - INFO - Analyzing semantic trajectory for: army
2025-08-18 16:15:43,516 - INFO - Analyzing semantic trajectory for: economics
2025-08-18 16:15:43,543 - INFO - Analyzing semantic trajectory for: benefits
2025-08-18 16:15:43,568 - INFO - Analyzing semantic trajectory for: equality
2025-08-18 16:15:43,595 - INFO - Analyzing semantic trajectory for: education
2025-08-18 16:15:43,621 - INFO - Analyzing semantic trajectory for: conservative
2025-08-18 16:15:43,648 - INFO - Analyzing semantic trajectory for: economy
2025-08-18 16:15:43,674 - INFO - Analyzing semantic trajectory for: children
2025-08-18 16:15:43,699 - INFO - Analyzing semantic trajectory for: economic
2025-08-18 16:15:43,725 - INFO - Analyzing semantic trajectory for: modern
2025-08-18 16:15:43,749 - INFO - Analyzing semantic trajectory for: border
2025-08-18 16:15:43,773 - INFO - Analyzing semantic trajectory for: extremism
2025-08-18 16:15:43,798 - INFO - Analyzing semantic trajectory for: green
2025-08-18 16:15:43,822 - INFO - Analyzing semantic trajectory for: federal
2025-08-18 16:15:43,848 - INFO - Analyzing semantic trajectory for: policy
2025-08-18 16:15:43,873 - INFO - Analyzing semantic trajectory for: school
2025-08-18 16:15:43,900 - INFO - Analyzing semantic trajectory for: immigration
2025-08-18 16:15:43,926 - INFO - Analyzing semantic trajectory for: student
2025-08-18 16:15:43,950 - INFO - Analyzing semantic trajectory for: progress
2025-08-18 16:15:43,974 - INFO - Analyzing semantic trajectory for: health
2025-08-18 16:15:44,001 - INFO - Analyzing semantic trajectory for: security
2025-08-18 16:15:44,028 - INFO - Analyzing semantic trajectory for: free
2025-08-18 16:15:44,051 - INFO - Analyzing semantic trajectory for: surplus
2025-08-18 16:15:44,074 - INFO - Analyzing semantic trajectory for: change
2025-08-18 16:15:44,100 - INFO - Analyzing semantic trajectory for: emission
2025-08-18 16:15:44,125 - INFO - Analyzing semantic trajectory for: regulation
2025-08-18 16:15:44,150 - INFO - Analyzing semantic trajectory for: carbon
2025-08-18 16:15:44,172 - INFO - Analyzing semantic trajectory for: families
2025-08-18 16:15:44,219 - INFO - Detecting semantic flips: 2000-2005 -> 2006-2010
2025-08-18 16:15:44,343 - INFO - Found 59 significant semantic shifts
2025-08-18 16:15:44,343 - INFO - Detecting semantic flips: 2006-2010 -> 2011-2015
2025-08-18 16:15:44,439 - INFO - Found 64 significant semantic shifts
2025-08-18 16:15:44,440 - INFO - Detecting semantic flips: 2011-2015 -> 2016-2022
2025-08-18 16:15:44,651 - INFO - Found 57 significant semantic shifts
2025-08-18 16:15:44,652 - WARNING - Not enough periods for roberta analysis
2025-08-18 16:15:44,655 - INFO - Saved semantic drift results: political_semantic_drift_analysis/semantic_drift_analysis.json
2025-08-18 16:15:44,656 - INFO - Creating semantic drift visualizations...
2025-08-18 16:15:48,925 - INFO - Saved trajectory plot: political_semantic_drift_analysis/term_trajectories_baseline.png
2025-08-18 16:15:50,189 - INFO - Saved shift heatmap: political_semantic_drift_analysis/shift_heatmap_baseline.png
2025-08-18 16:15:51,449 - INFO - Saved direction flip plot: political_semantic_drift_analysis/direction_flips_baseline.png
2025-08-18 16:15:51,449 - INFO - Generating research findings...
2025-08-18 16:15:51,465 - INFO - Created readable summary: political_semantic_drift_analysis/RESEARCH_SUMMARY.txt
2025-08-18 16:15:51,466 - INFO - Saved research findings: political_semantic_drift_analysis/research_findings.json
